<?xml version="1.0" encoding="UTF-8"?>
<testsuite name="Safari_5345122_Mac_OS.Olives" errors="0" failures="0" tests="1" time="0.0020">
<testcase classname="Safari_5345122_Mac_OS.Olives" name="test Olives should be an Object" time="0.0020"/>
</testsuite>
